  main.cpp
main.cpp(129): warning C4244: “初始化”: 从“double”转换到“int”，可能丢失数据
main.cpp(129): warning C4244: “初始化”: 从“double”转换到“const int”，可能丢失数据
main.cpp(132): warning C4244: “=”: 从“unsigned long”转换到“float”，可能丢失数据
main.cpp(135): warning C4267: “=”: 从“size_t”转换到“int”，可能丢失数据
main.cpp(177): warning C4267: “=”: 从“size_t”转换到“int”，可能丢失数据
main.cpp(285): warning C4267: “初始化”: 从“size_t”转换到“int”，可能丢失数据
main.cpp(285): warning C4267: “初始化”: 从“size_t”转换到“const int”，可能丢失数据
main.cpp(356): warning C4267: “初始化”: 从“size_t”转换到“int”，可能丢失数据
main.cpp(356): warning C4267: “初始化”: 从“size_t”转换到“const int”，可能丢失数据
main.cpp(422): warning C4267: “初始化”: 从“size_t”转换到“int”，可能丢失数据
main.cpp(422): warning C4267: “初始化”: 从“size_t”转换到“const int”，可能丢失数据
main.cpp(474): warning C4244: “初始化”: 从“float”转换到“int”，可能丢失数据
main.cpp(474): warning C4244: “初始化”: 从“float”转换到“const int”，可能丢失数据
main.cpp(475): warning C4244: “初始化”: 从“float”转换到“int”，可能丢失数据
main.cpp(475): warning C4244: “初始化”: 从“float”转换到“const int”，可能丢失数据
  正在生成代码
  6 of 714 functions ( 0.8%) were compiled, the rest were copied from previous compilation.
    0 functions were new in current compilation
    34 functions had inline decision re-evaluated but remain unchanged
  已完成代码的生成
  yolo_mark.vcxproj -> F:\github\Yolo_mark\x64\Release\yolo_mark.exe
  yolo_mark.vcxproj -> F:\github\Yolo_mark\x64\Release\yolo_mark.pdb (Full PDB)
